ISim log file
Running: C:\Users\Administrator\Desktop\MIPS\CPU\top_tb_isim_beh.exe -gui -tclbatch isim.cmd -wdb C:/Users/Administrator/Desktop/MIPS/CPU/top_tb_isim_beh.wdb 
ISim M.70d (signature 0x36e8438f)
----------------------------------------------------------------------
WARNING:Security:42 - Your software subscription period has lapsed. Your current version of Xilinx tools will continue to function, but you no longer qualify for Xilinx software updates or new releases.


----------------------------------------------------------------------
This is a Full version of ISim.
Time resolution is 1 ps
# onerror resume
# wave add /
# run 1000 ns
Simulator is doing circuit initialization process.
Finished circuit initialization process.
# restart
# run 10.00ns
Simulator is doing circuit initialization process.
Finished circuit initialization process.
# run 10.00ns
# run 10.00ns
# run 10.00ns
# run 10.00ns
# run 10.00ns
# run 10.00ns
# run 10.00ns
# run 10.00ns
# run 10.00ns
# run 10.00ns
# run 10.00ns
# run 10.00ns
# run 10.00ns
# run 10.00ns
# run 10.00ns
# run 10.00ns
# run 10.00ns
# run 10.00ns
# run 10.00ns
# run 10.00ns
# run 10.00ns
# run 10.00ns
# run 10.00ns
# run 10.00ns
# run 10.00ns
# run 10.00ns
# run 10.00ns
# run 10.00ns
# run 10.00ns
# run 10.00ns
# run 10.00ns
# run 10.00ns
# run 10.00ns
# run 10.00ns
# run 10.00ns
# run 10.00ns
# run 10.00ns
# run 10.00ns
# run 10.00ns
# run 10.00ns
# run 10.00ns
# run 10.00ns
# run 10.00ns
# restart
# run 10.00ns
Simulator is doing circuit initialization process.
Finished circuit initialization process.
# run 10.00ns
# run 10.00ns
# run 10.00ns
# run 10.00ns
# run 10.00ns
# run 10.00ns
# run 10.00ns
# run 10.00ns
# run 10.00ns
# run 10.00ns
# run 10.00ns
# run 10.00ns
# run 10.00ns
# run 10.00ns
# run 10.00ns
# run 10.00ns
# run 10.00ns
# run 10.00ns
# run 10.00ns
# run 10.00ns
# run 10.00ns
# run 10.00ns
# run 10.00ns
# run 10.00ns
# run 10.00ns
# run 10.00ns
# run 10.00ns
# run 10.00ns
# run 10.00ns
# run 10.00ns
# run 10.00ns
# run 10.00ns
# run 10.00ns
# run 10.00ns
# run 10.00ns
# run 10.00ns
# run 10.00ns
# run 10.00ns
# run 10.00ns
# run 10.00ns
# run 10.00ns
# run 10.00ns
# run 10.00ns
