Release 12.3 - xst M.70d (nt)
Copyright (c) 1995-2010 Xilinx, Inc.  All rights reserved.
--> Parameter TMPDIR set to xst/projnav.tmp


Total REAL time to Xst completion: 0.00 secs
Total CPU time to Xst completion: 0.09 secs
 
--> Parameter xsthdpdir set to xst


Total REAL time to Xst completion: 0.00 secs
Total CPU time to Xst completion: 0.09 secs
 
--> Reading design: top.prj

TABLE OF CONTENTS
  1) Synthesis Options Summary
  2) HDL Parsing
  3) HDL Elaboration
  4) HDL Synthesis
       4.1) HDL Synthesis Report
  5) Advanced HDL Synthesis
       5.1) Advanced HDL Synthesis Report
  6) Low Level Synthesis
  7) Partition Report
  8) Design Summary
       8.1) Primitive and Black Box Usage
       8.2) Device utilization summary
       8.3) Partition Resource Summary
       8.4) Timing Report
            8.4.1) Clock Information
            8.4.2) Asynchronous Control Signals Information
            8.4.3) Timing Summary
            8.4.4) Timing Details
            8.4.5) Cross Clock Domains Report


=========================================================================
*                      Synthesis Options Summary                        *
=========================================================================
---- Source Parameters
Input File Name                    : "top.prj"
Input Format                       : mixed
Ignore Synthesis Constraint File   : NO

---- Target Parameters
Output File Name                   : "top"
Output Format                      : NGC
Target Device                      : xc6slx16-3-csg324

---- Source Options
Top Module Name                    : top
Automatic FSM Extraction           : YES
FSM Encoding Algorithm             : Auto
Safe Implementation                : No
FSM Style                          : LUT
RAM Extraction                     : Yes
RAM Style                          : Auto
ROM Extraction                     : Yes
Shift Register Extraction          : YES
ROM Style                          : Auto
Resource Sharing                   : YES
Asynchronous To Synchronous        : NO
Shift Register Minimum Size        : 2
Use DSP Block                      : Auto
Automatic Register Balancing       : No

---- Target Options
LUT Combining                      : Auto
Reduce Control Sets                : Auto
Add IO Buffers                     : YES
Global Maximum Fanout              : 100000
Add Generic Clock Buffer(BUFG)     : 16
Register Duplication               : YES
Optimize Instantiated Primitives   : NO
Use Clock Enable                   : Auto
Use Synchronous Set                : Auto
Use Synchronous Reset              : Auto
Pack IO Registers into IOBs        : Auto
Equivalent register Removal        : YES

---- General Options
Optimization Goal                  : Speed
Optimization Effort                : 1
Power Reduction                    : NO
Keep Hierarchy                     : No
Netlist Hierarchy                  : As_Optimized
RTL Output                         : Yes
Global Optimization                : AllClockNets
Read Cores                         : YES
Write Timing Constraints           : NO
Cross Clock Analysis               : NO
Hierarchy Separator                : /
Bus Delimiter                      : <>
Case Specifier                     : Maintain
Slice Utilization Ratio            : 100
BRAM Utilization Ratio             : 100
DSP48 Utilization Ratio            : 100
Auto BRAM Packing                  : NO
Slice Utilization Ratio Delta      : 5

=========================================================================


=========================================================================
*                          HDL Parsing                                  *
=========================================================================
Analyzing Verilog file \"\Users\Administrator\Desktop\MIPS\CPU\signext.v\" into library work
Parsing module <signext>.
Analyzing Verilog file \"\Users\Administrator\Desktop\MIPS\CPU\regfile.v\" into library work
Parsing module <regfile>.
Analyzing Verilog file \"\Users\Administrator\Desktop\MIPS\CPU\nextpc.v\" into library work
Parsing module <nextpc>.
Analyzing Verilog file \"\Users\Administrator\Desktop\MIPS\CPU\alu.v\" into library work
Parsing module <alu>.
Analyzing Verilog file \"\Users\Administrator\Desktop\MIPS\CPU\mainctrl.v\" into library work
Parsing module <mainctrl>.
Analyzing Verilog file \"\Users\Administrator\Desktop\MIPS\CPU\datapath.v\" into library work
Parsing module <datapath>.
Analyzing Verilog file \"\Users\Administrator\Desktop\MIPS\CPU\aluctrl.v\" into library work
Parsing module <aluctrl>.
Analyzing Verilog file \"\Users\Administrator\Desktop\MIPS\CPU\MIPS.v\" into library work
Parsing module <MIPS>.
Analyzing Verilog file \"\Users\Administrator\Desktop\MIPS\CPU\InstrMem.v\" into library work
Parsing module <InstrMem>.
Analyzing Verilog file \"\Users\Administrator\Desktop\MIPS\CPU\DataMem.v\" into library work
Parsing module <DataMem>.
Analyzing Verilog file \"\Users\Administrator\Desktop\MIPS\CPU\top.v\" into library work
Parsing module <top>.

=========================================================================
*                            HDL Elaboration                            *
=========================================================================

Elaborating module <top>.

Elaborating module <MIPS>.

Elaborating module <aluctrl>.

Elaborating module <mainctrl>.
WARNING:HDLCompiler:1127 - "\Users\Administrator\Desktop\MIPS\CPU\MIPS.v" Line 57: Assignment to memtoreg ignored, since the identifier is never used

Elaborating module <datapath>.

Elaborating module <nextpc>.
WARNING:HDLCompiler:189 - "\Users\Administrator\Desktop\MIPS\CPU\datapath.v" Line 49: Size mismatch in connection of port <IncPc>. Formal port size is 30-bit while actual signal size is 32-bit.
WARNING:HDLCompiler:189 - "\Users\Administrator\Desktop\MIPS\CPU\datapath.v" Line 55: Size mismatch in connection of port <tarPc>. Formal port size is 30-bit while actual signal size is 1-bit.

Elaborating module <regfile>.
WARNING:HDLCompiler:413 - "\Users\Administrator\Desktop\MIPS\CPU\datapath.v" Line 82: Result of 32-bit expression is truncated to fit in 1-bit target.
WARNING:HDLCompiler:1127 - "\Users\Administrator\Desktop\MIPS\CPU\datapath.v" Line 82: Assignment to data_in ignored, since the identifier is never used

Elaborating module <signext>.
WARNING:HDLCompiler:296 - "\Users\Administrator\Desktop\MIPS\CPU\signext.v" Line 22: case condition never applies due to comparison with x or z
WARNING:HDLCompiler:189 - "\Users\Administrator\Desktop\MIPS\CPU\datapath.v" Line 92: Size mismatch in connection of port <ExtOp>. Formal port size is 2-bit while actual signal size is 1-bit.
WARNING:HDLCompiler:1127 - "\Users\Administrator\Desktop\MIPS\CPU\datapath.v" Line 97: Assignment to opera ignored, since the identifier is never used
WARNING:HDLCompiler:1127 - "\Users\Administrator\Desktop\MIPS\CPU\datapath.v" Line 98: Assignment to operb ignored, since the identifier is never used

Elaborating module <alu>.
WARNING:HDLCompiler:189 - "\Users\Administrator\Desktop\MIPS\CPU\datapath.v" Line 102: Size mismatch in connection of port <SrcA>. Formal port size is 32-bit while actual signal size is 1-bit.
WARNING:HDLCompiler:189 - "\Users\Administrator\Desktop\MIPS\CPU\datapath.v" Line 103: Size mismatch in connection of port <SrcB>. Formal port size is 32-bit while actual signal size is 1-bit.
WARNING:HDLCompiler:413 - "\Users\Administrator\Desktop\MIPS\CPU\datapath.v" Line 109: Result of 32-bit expression is truncated to fit in 1-bit target.
WARNING:HDLCompiler:1127 - "\Users\Administrator\Desktop\MIPS\CPU\datapath.v" Line 109: Assignment to aluout ignored, since the identifier is never used
WARNING:HDLCompiler:634 - "\Users\Administrator\Desktop\MIPS\CPU\datapath.v" Line 52: Net <jump> does not have a driver.
WARNING:HDLCompiler:634 - "\Users\Administrator\Desktop\MIPS\CPU\datapath.v" Line 53: Net <beq> does not have a driver.
WARNING:HDLCompiler:634 - "\Users\Administrator\Desktop\MIPS\CPU\datapath.v" Line 54: Net <bne> does not have a driver.
WARNING:HDLCompiler:634 - "\Users\Administrator\Desktop\MIPS\CPU\datapath.v" Line 73: Net <regwrite> does not have a driver.
WARNING:HDLCompiler:634 - "\Users\Administrator\Desktop\MIPS\CPU\datapath.v" Line 92: Net <extendop> does not have a driver.
WARNING:HDLCompiler:634 - "\Users\Administrator\Desktop\MIPS\CPU\datapath.v" Line 102: Net <oper_a> does not have a driver.
WARNING:HDLCompiler:634 - "\Users\Administrator\Desktop\MIPS\CPU\datapath.v" Line 103: Net <oper_b> does not have a driver.
WARNING:HDLCompiler:189 - "\Users\Administrator\Desktop\MIPS\CPU\MIPS.v" Line 80: Size mismatch in connection of port <Data_out>. Formal port size is 32-bit while actual signal size is 1-bit.
WARNING:HDLCompiler:634 - "\Users\Administrator\Desktop\MIPS\CPU\MIPS.v" Line 76: Net <mentoreg> does not have a driver.
WARNING:HDLCompiler:634 - "\Users\Administrator\Desktop\MIPS\CPU\MIPS.v" Line 80: Net <data_in> does not have a driver.

Elaborating module <InstrMem>.
Reading initialization file \"instrMemFile.dat\".
WARNING:HDLCompiler:1651 - "\Users\Administrator\Desktop\MIPS\CPU\InstrMem.v" Line 14: Signal <RAM> in initial block is partially initialized.

Elaborating module <DataMem>.
WARNING:Xst:2972 - "/users/administrator/desktop/mips/cpu/datapath.v" line 90. All outputs of instance <Ext> of block <signext> are unconnected in block <datapath>. Underlying logic will be removed.
WARNING:Xst:2972 - "/users/administrator/desktop/mips/cpu/top.v" line 18. All outputs of instance <mips> of block <MIPS> are unconnected in block <top>. Underlying logic will be removed.
WARNING:Xst:2972 - "/users/administrator/desktop/mips/cpu/top.v" line 34. All outputs of instance <imem> of block <InstrMem> are unconnected in block <top>. Underlying logic will be removed.
WARNING:Xst:2972 - "/users/administrator/desktop/mips/cpu/top.v" line 39. All outputs of instance <dmem> of block <DataMem> are unconnected in block <top>. Underlying logic will be removed.

=========================================================================
*                           HDL Synthesis                               *
=========================================================================

Synthesizing Unit <top>.
    Related source file is "/users/administrator/desktop/mips/cpu/top.v".
    Summary:
	no macro.
Unit <top> synthesized.

Synthesizing Unit <aluctrl>.
    Related source file is "/users/administrator/desktop/mips/cpu/aluctrl.v".
    Summary:
	no macro.
Unit <aluctrl> synthesized.

Synthesizing Unit <mainctrl>.
    Related source file is "/users/administrator/desktop/mips/cpu/mainctrl.v".
    Summary:
	no macro.
Unit <mainctrl> synthesized.

Synthesizing Unit <datapath>.
    Related source file is "/users/administrator/desktop/mips/cpu/datapath.v".
WARNING:Xst:647 - Input <ExtOp<1:0>> is never used. This port will be preserved and left unconnected if it belongs to a top-level block or it belongs to a sub-block and the hierarchy of this sub-block is preserved.
WARNING:Xst:647 - Input <RegWrite> is never used. This port will be preserved and left unconnected if it belongs to a top-level block or it belongs to a sub-block and the hierarchy of this sub-block is preserved.
WARNING:Xst:647 - Input <AluSrcA> is never used. This port will be preserved and left unconnected if it belongs to a top-level block or it belongs to a sub-block and the hierarchy of this sub-block is preserved.
WARNING:Xst:647 - Input <AluSrcB> is never used. This port will be preserved and left unconnected if it belongs to a top-level block or it belongs to a sub-block and the hierarchy of this sub-block is preserved.
WARNING:Xst:647 - Input <Jump> is never used. This port will be preserved and left unconnected if it belongs to a top-level block or it belongs to a sub-block and the hierarchy of this sub-block is preserved.
WARNING:Xst:647 - Input <Beq> is never used. This port will be preserved and left unconnected if it belongs to a top-level block or it belongs to a sub-block and the hierarchy of this sub-block is preserved.
WARNING:Xst:647 - Input <Bne> is never used. This port will be preserved and left unconnected if it belongs to a top-level block or it belongs to a sub-block and the hierarchy of this sub-block is preserved.
INFO:Xst:3010 - "/users/administrator/desktop/mips/cpu/datapath.v" line 70: Output port <BusB> of the instance <rf> is unconnected or connected to loadless signal.
INFO:Xst:3010 - "/users/administrator/desktop/mips/cpu/datapath.v" line 90: Output port <data_32> of the instance <Ext> is unconnected or connected to loadless signal.
WARNING:Xst:653 - Signal <Address> is used but never assigned. This sourceless signal will be automatically connected to value GND.
WARNING:Xst:653 - Signal <Data_in> is used but never assigned. This sourceless signal will be automatically connected to value GND.
WARNING:Xst:653 - Signal <jump> is used but never assigned. This sourceless signal will be automatically connected to value GND.
WARNING:Xst:653 - Signal <beq> is used but never assigned. This sourceless signal will be automatically connected to value GND.
WARNING:Xst:653 - Signal <bne> is used but never assigned. This sourceless signal will be automatically connected to value GND.
WARNING:Xst:653 - Signal <regwrite> is used but never assigned. This sourceless signal will be automatically connected to value GND.
WARNING:Xst:653 - Signal <extendop> is used but never assigned. This sourceless signal will be automatically connected to value GND.
WARNING:Xst:653 - Signal <oper_a> is used but never assigned. This sourceless signal will be automatically connected to value GND.
WARNING:Xst:653 - Signal <oper_b> is used but never assigned. This sourceless signal will be automatically connected to value GND.
    Found 32-bit register for signal <pcReg>.
    Summary:
	inferred  32 D-type flip-flop(s).
Unit <datapath> synthesized.

Synthesizing Unit <nextpc>.
    Related source file is "/users/administrator/desktop/mips/cpu/nextpc.v".
WARNING:Xst:647 - Input <Instr<25:6>> is never used. This port will be preserved and left unconnected if it belongs to a top-level block or it belongs to a sub-block and the hierarchy of this sub-block is preserved.
    Found 30-bit adder for signal <brPc> created at line 27.
    Summary:
	inferred   1 Adder/Subtractor(s).
	inferred   1 Multiplexer(s).
Unit <nextpc> synthesized.

Synthesizing Unit <regfile>.
    Related source file is "/users/administrator/desktop/mips/cpu/regfile.v".
    Found 1024-bit register for signal <n0050[1023:0]>.
    Found 32-bit 32-to-1 multiplexer for signal <RA[4]_gr[31][31]_wide_mux_38_OUT> created at line 28.
    Found 32-bit 32-to-1 multiplexer for signal <RB[4]_gr[31][31]_wide_mux_41_OUT> created at line 29.
    Summary:
	inferred 1024 D-type flip-flop(s).
	inferred  36 Multiplexer(s).
Unit <regfile> synthesized.

Synthesizing Unit <alu>.
    Related source file is "/users/administrator/desktop/mips/cpu/alu.v".
    Found 32-bit subtractor for signal <SrcA[31]_SrcB[31]_sub_2_OUT> created at line 32.
    Found 32-bit adder for signal <SrcA[31]_SrcB[31]_add_0_OUT> created at line 31.
    Found 32-bit shifter logical left for signal <SrcA[31]_SrcB[4]_shift_left_8_OUT> created at line 42
    Found 32-bit shifter logical right for signal <SrcA[31]_SrcB[4]_shift_right_10_OUT> created at line 44
    Found 32-bit 11-to-1 multiplexer for signal <result> created at line 29.
    Found 32-bit comparator greater for signal <SrcA[31]_SrcB[31]_LessThan_8_o> created at line 39
    Summary:
	inferred   1 Adder/Subtractor(s).
	inferred   1 Comparator(s).
	inferred  12 Multiplexer(s).
	inferred   2 Combinational logic shifter(s).
Unit <alu> synthesized.

=========================================================================
HDL Synthesis Report

Found no macro
=========================================================================
INFO:Xst:1767 - HDL ADVISOR - Resource sharing has identified that some arithmetic operations in this design can share the same physical resources for reduced device utilization. For improved clock frequency you may try to disable resource sharing.

=========================================================================
*                       Advanced HDL Synthesis                          *
=========================================================================


=========================================================================
Advanced HDL Synthesis Report

Found no macro
=========================================================================

=========================================================================
*                         Low Level Synthesis                           *
=========================================================================

Optimizing unit <top> ...

Mapping all equations...
Building and optimizing final netlist ...
Found area constraint ratio of 100 (+ 5) on block top, actual ratio is 0.

Final Macro Processing ...

=========================================================================
Final Register Report

Found no macro
=========================================================================

=========================================================================
*                           Partition Report                            *
=========================================================================

Partition Implementation Status
-------------------------------

  No Partitions were found in this design.

-------------------------------

=========================================================================
*                            Design Summary                             *
=========================================================================

Top Level Output File Name         : top.ngc

Primitive and Black Box Usage:
------------------------------

Device utilization summary:
---------------------------

Selected Device : 6slx16csg324-3 


Slice Logic Utilization: 

Slice Logic Distribution: 
 Number of LUT Flip Flop pairs used:      0
   Number with an unused Flip Flop:       0  out of      0         
   Number with an unused LUT:             0  out of      0         
   Number of fully used LUT-FF pairs:     0  out of      0         
   Number of unique control sets:         0

IO Utilization: 
 Number of IOs:                           2
 Number of bonded IOBs:                   0  out of    232     0%  

Specific Feature Utilization:

---------------------------
Partition Resource Summary:
---------------------------

  No Partitions were found in this design.

---------------------------


=========================================================================
Timing Report

NOTE: THESE TIMING NUMBERS ARE ONLY A SYNTHESIS ESTIMATE.
      FOR ACCURATE TIMING INFORMATION PLEASE REFER TO THE TRACE REPORT
      GENERATED AFTER PLACE-and-ROUTE.

Clock Information:
------------------
No clock signals found in this design

Asynchronous Control Signals Information:
----------------------------------------
No asynchronous control signals found in this design

Timing Summary:
---------------
Speed Grade: -3

   Minimum period: No path found
   Minimum input arrival time before clock: No path found
   Maximum output required time after clock: No path found
   Maximum combinational path delay: No path found

Timing Details:
---------------
All values displayed in nanoseconds (ns)

=========================================================================

Cross Clock Domains Report:
--------------------------

=========================================================================


Total REAL time to Xst completion: 4.00 secs
Total CPU time to Xst completion: 3.64 secs
 
--> 

Total memory usage is 222668 kilobytes

Number of errors   :    0 (   0 filtered)
Number of warnings :   45 (   0 filtered)
Number of infos    :    3 (   0 filtered)

